Arguments: 
  D:\Program Files\nodejs\node.exe D:\Program Files (x86)\Yarn\bin\yarn.js add [koa,mongoose] --save

PATH: 
  D:\Program Files\cmder\bin;D:\Program Files\cmder\vendor\conemu-maximus5\ConEmu\Scripts;D:\Program Files\cmder\vendor\conemu-maximus5;D:\Program Files\cmder\vendor\conemu-maximus5\ConEmu;C:\Program Files (x86)\Common Files\Oracle\Java\javapath;C:\Program Files (x86)\Common Files\Intel\Shared Libraries\redist\intel64\compiler;C:\WINDOWS\system32;C:\WINDOWS;C:\WINDOWS\System32\Wbem;C:\WINDOWS\System32\WindowsPowerShell\v1.0\;D:\Program Files\MongoDB\Server\3.4\bin;D:\Program Files\TortoiseSVN\bin;D:\Go\bin;C:\WINDOWS\System32\OpenSSH\;D:\Program Files (x86)\Yarn\bin\;C:\ProgramData\chocolatey\bin;D:\Program Files\nodejs\;D:\Program Files\Git\cmd;.;D:\Program Files\Java\jdk\bin;D:\Program Files\Java\jdk\jre\bin;C:\Users\lanjue\AppData\Local\Yarn\bin;C:\Users\lanjue\AppData\Roaming\npm;D:\platforms\Android\tools;D:\platforms\Android\platform;C:\Users\lanjue\AppData\Local\atom\bin;C:\Users\lanjue\AppData\Local\GitHubDesktop\bin;D:\Program Files\Git\usr\bin;D:\Program Files\Git\usr\share\vim\vim74;D:\Program Files\cmder\

Yarn version: 
  1.7.0

Node version: 
  8.11.3

Platform: 
  win32 x64

Trace: 
  Error: http://registry.cnpmjs.org/[koa,mongoose]: not_found
      at Request.params.callback [as _callback] (D:\Program Files (x86)\Yarn\lib\cli.js:65656:18)
      at Request.self.callback (D:\Program Files (x86)\Yarn\lib\cli.js:134675:22)
      at emitTwo (events.js:126:13)
      at Request.emit (events.js:214:7)
      at Request.<anonymous> (D:\Program Files (x86)\Yarn\lib\cli.js:135658:10)
      at emitOne (events.js:116:13)
      at Request.emit (events.js:211:7)
      at Gunzip.<anonymous> (D:\Program Files (x86)\Yarn\lib\cli.js:135578:12)
      at Object.onceWrapper (events.js:313:30)
      at emitNone (events.js:111:20)

npm manifest: 
  {
    "name": "webkoa",
    "version": "1.0.0",
    "description": "",
    "main": "app.js",
    "scripts": {
      "test": "echo \"Error: no test specified\" && exit 1"
    },
    "author": "",
    "license": "ISC"
  }

yarn manifest: 
  No manifest

Lockfile: 
  No lockfile
